<?xml version="1.0" encoding="UTF-8"?>
<!-- Generated by org.testng.reporters.JUnitReportReporter -->
<testsuite hostname="DESKTOP-950QLGH" failures="0" tests="2" name="mypacakage.Test1" time="0.059" errors="0" timestamp="22 Mar 2024 06:45:22 GMT" skipped="0">
  <testcase classname="mypacakage.Test1" name="test" time="0.003"/>
  <testcase classname="mypacakage.Test1" name="data" time="0.056"/>
</testsuite> <!-- mypacakage.Test1 -->
